

Started GET "/" for ::1 at 2016-04-28 14:44:32 +0200
Processing by PokemonController#index as HTML
  Rendered pokemon/index.html.erb within layouts/application (4.3ms)
Completed 200 OK in 1635ms (Views: 738.5ms | ActiveRecord: 0.0ms)


Started GET "/assets/twitter-bootstrap-static/bootstrap.self-77d963462a71b85aa6c39f0110994006fed4301154d937da52eb3884ff813853.css?body=1" for ::1 at 2016-04-28 14:44:33 +0200


Started GET "/assets/pokemon.self-d4abdb5c4746f77633d1fc767e6ed38e949eff702f03ee6c75db407b560f1345.css?body=1" for ::1 at 2016-04-28 14:44:33 +0200


Started GET "/assets/pokemon_api.self-e3b0c44298fc1c149afbf4c8996fb92427ae41e4649b934ca495991b7852b855.css?body=1" for ::1 at 2016-04-28 14:44:33 +0200


Started GET "/assets/bootstrap_and_overrides.self-2cb3834583dfbaf0a39c7139750bf963e05d79cbe811126997e013400be5d8dc.css?body=1" for ::1 at 2016-04-28 14:44:33 +0200


Started GET "/assets/jquery.self-a714331225dda820228db323939889f149aec0127aeb06255646b616ba1ca419.js?body=1" for ::1 at 2016-04-28 14:44:33 +0200


Started GET "/assets/twitter-bootstrap-static/fontawesome.self-c1a8821f7eb1b195061d7706930814ecc6bd44db4c68f208da5fe14845fa11ea.css?body=1" for ::1 at 2016-04-28 14:44:33 +0200


Started GET "/assets/jquery_ujs.self-d456baa54c1fa6be2ec3711f0a72ddf7a5b2f34a6b4f515f33767d6207b7d4b3.js?body=1" for ::1 at 2016-04-28 14:44:33 +0200


Started GET "/assets/twitter/bootstrap/transition.self-db278e3a8fa6249c16796b113ebd29e11ef4e2cd021618ed84895d524a4511e0.js?body=1" for ::1 at 2016-04-28 14:44:33 +0200


Started GET "/assets/twitter/bootstrap/alert.self-ebce91ec66c71bcee451ea7da9128fd1bf8faa02c6d22ea04c598423431e4c08.js?body=1" for ::1 at 2016-04-28 14:44:33 +0200


Started GET "/assets/twitter/bootstrap/dropdown.self-8bb9309b6c24a4ba6b94026a049d25b13bdc0553b6fe83255c14a715ba624cc4.js?body=1" for ::1 at 2016-04-28 14:44:33 +0200


Started GET "/assets/twitter/bootstrap/scrollspy.self-bd0c6724cdc75302fe98dfeff923112b76c1673cf4a0752a7050b7feea15594c.js?body=1" for ::1 at 2016-04-28 14:44:33 +0200


Started GET "/assets/twitter/bootstrap/modal.self-ab1767545e27c0dbd36971e656ae4927171f673e3d932cdec2cbef39e991952b.js?body=1" for ::1 at 2016-04-28 14:44:33 +0200


Started GET "/assets/twitter/bootstrap/tab.self-7e3ee4a243bb416b5f0111a0be08f8547c5d72ba71fe4afe4a4a007f5cb4e10e.js?body=1" for ::1 at 2016-04-28 14:44:33 +0200


Started GET "/assets/twitter/bootstrap/tooltip.self-d7f9330825307d053f68da11bb9ddc9b070df72deef3d115f2f3d55f66b17457.js?body=1" for ::1 at 2016-04-28 14:44:33 +0200


Started GET "/assets/twitter/bootstrap/popover.self-cd672ecad3b549e1dbd89bfd044e5812d6fdade56f42d48e3acee0c3f4614526.js?body=1" for ::1 at 2016-04-28 14:44:33 +0200


Started GET "/assets/twitter/bootstrap/button.self-ceb562de883e04359bb2c06f07bdf6ecf065cc8a5027e2e58857c5e91b0b68e3.js?body=1" for ::1 at 2016-04-28 14:44:33 +0200


Started GET "/assets/twitter/bootstrap/collapse.self-a87553101c955a01e2e8c81fad69a16582ddbf58fe95d5eb335dde5567af7647.js?body=1" for ::1 at 2016-04-28 14:44:33 +0200


Started GET "/assets/twitter/bootstrap/affix.self-14e04bbe71282aa039322ab93e3a3a886ddede5f59a2f365f7c861f697bbeb21.js?body=1" for ::1 at 2016-04-28 14:44:33 +0200


Started GET "/assets/twitter/bootstrap/carousel.self-5d09995e01b647168888180d40e271f9a6759d68ae7ac029d7026af58813d376.js?body=1" for ::1 at 2016-04-28 14:44:33 +0200


Started GET "/assets/twitter/bootstrap.self-fbfa5ad7d9aa0afe439ec4ff3883acc4cb92b62cb67c40d674320c9aa1d4642d.js?body=1" for ::1 at 2016-04-28 14:44:33 +0200


Started GET "/assets/bootstrap.self-5afe7e91ef3675e2be97b8d060a7f3755d6dbc615b76df476df55143da70679f.js?body=1" for ::1 at 2016-04-28 14:44:33 +0200


Started GET "/assets/pokemon.self-19a187bec6cdb96d6de80a61c16c857c613536adf9138476bd367db38d282635.js?body=1" for ::1 at 2016-04-28 14:44:33 +0200


Started GET "/assets/pokemon_solid-webfont.woff2" for ::1 at 2016-04-28 14:44:33 +0200


Started GET "/" for ::1 at 2016-04-28 14:53:50 +0200
Processing by PokemonController#index as HTML
  Rendered pokemon/index.html.erb within layouts/application (4.4ms)
Completed 200 OK in 1057ms (Views: 283.9ms | ActiveRecord: 0.0ms)


Started GET "/assets/twitter-bootstrap-static/bootstrap.self-77d963462a71b85aa6c39f0110994006fed4301154d937da52eb3884ff813853.css?body=1" for ::1 at 2016-04-28 14:53:51 +0200


Started GET "/assets/bootstrap_and_overrides.self-2cb3834583dfbaf0a39c7139750bf963e05d79cbe811126997e013400be5d8dc.css?body=1" for ::1 at 2016-04-28 14:53:51 +0200


Started GET "/assets/twitter-bootstrap-static/fontawesome.self-c1a8821f7eb1b195061d7706930814ecc6bd44db4c68f208da5fe14845fa11ea.css?body=1" for ::1 at 2016-04-28 14:53:51 +0200


Started GET "/assets/pokemon_api.self-e3b0c44298fc1c149afbf4c8996fb92427ae41e4649b934ca495991b7852b855.css?body=1" for ::1 at 2016-04-28 14:53:51 +0200


Started GET "/assets/application.self-e80e8f2318043e8af94dddc2adad5a4f09739a8ebb323b3ab31cd71d45fd9113.css?body=1" for ::1 at 2016-04-28 14:53:51 +0200


Started GET "/assets/pokemon.self-d4abdb5c4746f77633d1fc767e6ed38e949eff702f03ee6c75db407b560f1345.css?body=1" for ::1 at 2016-04-28 14:53:51 +0200


Started GET "/assets/jquery.self-a714331225dda820228db323939889f149aec0127aeb06255646b616ba1ca419.js?body=1" for ::1 at 2016-04-28 14:53:51 +0200


Started GET "/assets/jquery_ujs.self-d456baa54c1fa6be2ec3711f0a72ddf7a5b2f34a6b4f515f33767d6207b7d4b3.js?body=1" for ::1 at 2016-04-28 14:53:51 +0200


Started GET "/assets/twitter/bootstrap/transition.self-db278e3a8fa6249c16796b113ebd29e11ef4e2cd021618ed84895d524a4511e0.js?body=1" for ::1 at 2016-04-28 14:53:51 +0200


Started GET "/assets/twitter/bootstrap/alert.self-ebce91ec66c71bcee451ea7da9128fd1bf8faa02c6d22ea04c598423431e4c08.js?body=1" for ::1 at 2016-04-28 14:53:51 +0200


Started GET "/assets/twitter/bootstrap/modal.self-ab1767545e27c0dbd36971e656ae4927171f673e3d932cdec2cbef39e991952b.js?body=1" for ::1 at 2016-04-28 14:53:51 +0200


Started GET "/assets/twitter/bootstrap/dropdown.self-8bb9309b6c24a4ba6b94026a049d25b13bdc0553b6fe83255c14a715ba624cc4.js?body=1" for ::1 at 2016-04-28 14:53:51 +0200


Started GET "/assets/twitter/bootstrap/scrollspy.self-bd0c6724cdc75302fe98dfeff923112b76c1673cf4a0752a7050b7feea15594c.js?body=1" for ::1 at 2016-04-28 14:53:51 +0200


Started GET "/assets/twitter/bootstrap/tab.self-7e3ee4a243bb416b5f0111a0be08f8547c5d72ba71fe4afe4a4a007f5cb4e10e.js?body=1" for ::1 at 2016-04-28 14:53:51 +0200


Started GET "/assets/twitter/bootstrap/tooltip.self-d7f9330825307d053f68da11bb9ddc9b070df72deef3d115f2f3d55f66b17457.js?body=1" for ::1 at 2016-04-28 14:53:51 +0200


Started GET "/assets/twitter/bootstrap/popover.self-cd672ecad3b549e1dbd89bfd044e5812d6fdade56f42d48e3acee0c3f4614526.js?body=1" for ::1 at 2016-04-28 14:53:51 +0200


Started GET "/assets/twitter/bootstrap/button.self-ceb562de883e04359bb2c06f07bdf6ecf065cc8a5027e2e58857c5e91b0b68e3.js?body=1" for ::1 at 2016-04-28 14:53:51 +0200


Started GET "/assets/twitter/bootstrap/collapse.self-a87553101c955a01e2e8c81fad69a16582ddbf58fe95d5eb335dde5567af7647.js?body=1" for ::1 at 2016-04-28 14:53:51 +0200


Started GET "/assets/twitter/bootstrap/carousel.self-5d09995e01b647168888180d40e271f9a6759d68ae7ac029d7026af58813d376.js?body=1" for ::1 at 2016-04-28 14:53:51 +0200


Started GET "/assets/twitter/bootstrap/affix.self-14e04bbe71282aa039322ab93e3a3a886ddede5f59a2f365f7c861f697bbeb21.js?body=1" for ::1 at 2016-04-28 14:53:51 +0200


Started GET "/assets/pokedex.self-2c3eb8b8638084dd7fc013eb06826636144a4c56be11d0c235ce91f4a6e72fd7.js?body=1" for ::1 at 2016-04-28 14:53:51 +0200


Started GET "/assets/pokemon.self-24467c33875be06f4a918f5f0d533bb997a2d605d93f0bee3c331ea3b739460a.js?body=1" for ::1 at 2016-04-28 14:53:51 +0200


Started GET "/assets/twitter/bootstrap.self-fbfa5ad7d9aa0afe439ec4ff3883acc4cb92b62cb67c40d674320c9aa1d4642d.js?body=1" for ::1 at 2016-04-28 14:53:51 +0200


Started GET "/assets/bootstrap.self-5afe7e91ef3675e2be97b8d060a7f3755d6dbc615b76df476df55143da70679f.js?body=1" for ::1 at 2016-04-28 14:53:51 +0200


Started GET "/assets/application.self-3b8dabdc891efe46b9a144b400ad69e37d7e5876bdc39dee783419a69d7ca819.js?body=1" for ::1 at 2016-04-28 14:53:51 +0200


Started GET "/" for ::1 at 2016-04-28 14:55:59 +0200
Processing by PokemonController#index as HTML
  Rendered pokemon/index.html.erb within layouts/application (3.5ms)
Completed 500 Internal Server Error in 1921ms (ActiveRecord: 0.0ms)

ActionView::Template::Error (couldn't find file 'init' with type 'application/javascript'):
    3: <head>
    4:   <title>PokemonComponents</title>
    5:   <%= stylesheet_link_tag    'application', media: 'all' %>
    6:   <%= javascript_include_tag 'application' %>
    7:   <%= csrf_meta_tags %>
    8: </head>
    9: <body>
  app/assets/javascripts/application.js:16
  app/views/layouts/application.html.erb:6:in `_app_views_layouts_application_html_erb___2821979752570384570_70214667966280'
  app/controllers/pokemon_controller.rb:5:in `index'


  Rendered /Users/davidsantos/.rvm/gems/ruby-2.2.1/gems/actionpack-4.2.4/lib/action_dispatch/middleware/templates/rescues/_source.erb (11.8ms)
  Rendered /Users/davidsantos/.rvm/gems/ruby-2.2.1/gems/actionpack-4.2.4/lib/action_dispatch/middleware/templates/rescues/_trace.html.erb (2.6ms)
  Rendered /Users/davidsantos/.rvm/gems/ruby-2.2.1/gems/actionpack-4.2.4/lib/action_dispatch/middleware/templates/rescues/_request_and_response.html.erb (1.3ms)
  Rendered /Users/davidsantos/.rvm/gems/ruby-2.2.1/gems/actionpack-4.2.4/lib/action_dispatch/middleware/templates/rescues/template_error.html.erb within rescues/layout (50.5ms)
  Rendered /Users/davidsantos/.rvm/gems/ruby-2.2.1/gems/web-console-2.2.1/lib/web_console/templates/_markup.html.erb (0.3ms)
  Rendered /Users/davidsantos/.rvm/gems/ruby-2.2.1/gems/web-console-2.2.1/lib/web_console/templates/_inner_console_markup.html.erb within layouts/inlined_string (0.3ms)
  Rendered /Users/davidsantos/.rvm/gems/ruby-2.2.1/gems/web-console-2.2.1/lib/web_console/templates/_prompt_box_markup.html.erb within layouts/inlined_string (0.3ms)
  Rendered /Users/davidsantos/.rvm/gems/ruby-2.2.1/gems/web-console-2.2.1/lib/web_console/templates/style.css.erb within layouts/inlined_string (0.3ms)
  Rendered /Users/davidsantos/.rvm/gems/ruby-2.2.1/gems/web-console-2.2.1/lib/web_console/templates/console.js.erb within layouts/javascript (33.2ms)
  Rendered /Users/davidsantos/.rvm/gems/ruby-2.2.1/gems/web-console-2.2.1/lib/web_console/templates/main.js.erb within layouts/javascript (0.3ms)
  Rendered /Users/davidsantos/.rvm/gems/ruby-2.2.1/gems/web-console-2.2.1/lib/web_console/templates/error_page.js.erb within layouts/javascript (0.4ms)
  Rendered /Users/davidsantos/.rvm/gems/ruby-2.2.1/gems/web-console-2.2.1/lib/web_console/templates/index.html.erb (75.4ms)


Started GET "/" for ::1 at 2016-04-28 14:57:14 +0200
Processing by PokemonController#index as HTML
  Rendered pokemon/index.html.erb within layouts/application (3.5ms)
Completed 200 OK in 1641ms (Views: 295.4ms | ActiveRecord: 0.0ms)


Started GET "/" for ::1 at 2016-04-28 14:57:15 +0200
Processing by PokemonController#index as HTML
  Rendered pokemon/index.html.erb within layouts/application (3.2ms)
Completed 200 OK in 2119ms (Views: 110.2ms | ActiveRecord: 0.0ms)


Started GET "/assets/application.self-f8806224e027f3e3f0138ea9ce99319e298dfdb323304d1f1be6eae8e8c74724.js?body=1" for ::1 at 2016-04-28 14:57:18 +0200


Started GET "/assets/init.self-8ff76f9df5ea1ec9ff927c5a4feb09534da0109d6e9db1c2fd33d21b6c904482.js?body=1" for ::1 at 2016-04-28 14:57:18 +0200


Started GET "/assets/pokemon_solid-webfont.woff2" for ::1 at 2016-04-28 14:57:18 +0200


Started GET "/" for ::1 at 2016-04-28 14:58:02 +0200
Processing by PokemonController#index as HTML
  Rendered pokemon/index.html.erb within layouts/application (3.0ms)
Completed 200 OK in 990ms (Views: 103.0ms | ActiveRecord: 0.0ms)


Started GET "/assets/bootstrap_and_overrides.self-2cb3834583dfbaf0a39c7139750bf963e05d79cbe811126997e013400be5d8dc.css?body=1" for ::1 at 2016-04-28 14:58:03 +0200


Started GET "/assets/pokemon.self-d4abdb5c4746f77633d1fc767e6ed38e949eff702f03ee6c75db407b560f1345.css?body=1" for ::1 at 2016-04-28 14:58:03 +0200


Started GET "/assets/twitter-bootstrap-static/fontawesome.self-c1a8821f7eb1b195061d7706930814ecc6bd44db4c68f208da5fe14845fa11ea.css?body=1" for ::1 at 2016-04-28 14:58:03 +0200


Started GET "/assets/twitter-bootstrap-static/bootstrap.self-77d963462a71b85aa6c39f0110994006fed4301154d937da52eb3884ff813853.css?body=1" for ::1 at 2016-04-28 14:58:03 +0200


Started GET "/assets/application.self-e80e8f2318043e8af94dddc2adad5a4f09739a8ebb323b3ab31cd71d45fd9113.css?body=1" for ::1 at 2016-04-28 14:58:03 +0200


Started GET "/assets/pokemon_api.self-e3b0c44298fc1c149afbf4c8996fb92427ae41e4649b934ca495991b7852b855.css?body=1" for ::1 at 2016-04-28 14:58:03 +0200


Started GET "/assets/jquery.self-a714331225dda820228db323939889f149aec0127aeb06255646b616ba1ca419.js?body=1" for ::1 at 2016-04-28 14:58:03 +0200


Started GET "/assets/jquery_ujs.self-d456baa54c1fa6be2ec3711f0a72ddf7a5b2f34a6b4f515f33767d6207b7d4b3.js?body=1" for ::1 at 2016-04-28 14:58:03 +0200


Started GET "/assets/twitter/bootstrap/transition.self-db278e3a8fa6249c16796b113ebd29e11ef4e2cd021618ed84895d524a4511e0.js?body=1" for ::1 at 2016-04-28 14:58:03 +0200


Started GET "/assets/twitter/bootstrap/alert.self-ebce91ec66c71bcee451ea7da9128fd1bf8faa02c6d22ea04c598423431e4c08.js?body=1" for ::1 at 2016-04-28 14:58:03 +0200


Started GET "/assets/twitter/bootstrap/modal.self-ab1767545e27c0dbd36971e656ae4927171f673e3d932cdec2cbef39e991952b.js?body=1" for ::1 at 2016-04-28 14:58:03 +0200


Started GET "/assets/twitter/bootstrap/dropdown.self-8bb9309b6c24a4ba6b94026a049d25b13bdc0553b6fe83255c14a715ba624cc4.js?body=1" for ::1 at 2016-04-28 14:58:03 +0200


Started GET "/assets/twitter/bootstrap/scrollspy.self-bd0c6724cdc75302fe98dfeff923112b76c1673cf4a0752a7050b7feea15594c.js?body=1" for ::1 at 2016-04-28 14:58:03 +0200


Started GET "/assets/twitter/bootstrap/tab.self-7e3ee4a243bb416b5f0111a0be08f8547c5d72ba71fe4afe4a4a007f5cb4e10e.js?body=1" for ::1 at 2016-04-28 14:58:03 +0200


Started GET "/assets/twitter/bootstrap/tooltip.self-d7f9330825307d053f68da11bb9ddc9b070df72deef3d115f2f3d55f66b17457.js?body=1" for ::1 at 2016-04-28 14:58:03 +0200


Started GET "/assets/twitter/bootstrap/popover.self-cd672ecad3b549e1dbd89bfd044e5812d6fdade56f42d48e3acee0c3f4614526.js?body=1" for ::1 at 2016-04-28 14:58:03 +0200


Started GET "/assets/twitter/bootstrap/button.self-ceb562de883e04359bb2c06f07bdf6ecf065cc8a5027e2e58857c5e91b0b68e3.js?body=1" for ::1 at 2016-04-28 14:58:03 +0200


Started GET "/assets/twitter/bootstrap/collapse.self-a87553101c955a01e2e8c81fad69a16582ddbf58fe95d5eb335dde5567af7647.js?body=1" for ::1 at 2016-04-28 14:58:03 +0200


Started GET "/assets/twitter/bootstrap/carousel.self-5d09995e01b647168888180d40e271f9a6759d68ae7ac029d7026af58813d376.js?body=1" for ::1 at 2016-04-28 14:58:03 +0200


Started GET "/assets/twitter/bootstrap/affix.self-14e04bbe71282aa039322ab93e3a3a886ddede5f59a2f365f7c861f697bbeb21.js?body=1" for ::1 at 2016-04-28 14:58:03 +0200


Started GET "/assets/twitter/bootstrap.self-fbfa5ad7d9aa0afe439ec4ff3883acc4cb92b62cb67c40d674320c9aa1d4642d.js?body=1" for ::1 at 2016-04-28 14:58:03 +0200


Started GET "/assets/init.self-8ff76f9df5ea1ec9ff927c5a4feb09534da0109d6e9db1c2fd33d21b6c904482.js?body=1" for ::1 at 2016-04-28 14:58:03 +0200


Started GET "/assets/bootstrap.self-5afe7e91ef3675e2be97b8d060a7f3755d6dbc615b76df476df55143da70679f.js?body=1" for ::1 at 2016-04-28 14:58:03 +0200


Started GET "/assets/pokedex.self-2c3eb8b8638084dd7fc013eb06826636144a4c56be11d0c235ce91f4a6e72fd7.js?body=1" for ::1 at 2016-04-28 14:58:03 +0200


Started GET "/assets/pokemon.self-24467c33875be06f4a918f5f0d533bb997a2d605d93f0bee3c331ea3b739460a.js?body=1" for ::1 at 2016-04-28 14:58:03 +0200


Started GET "/assets/application.self-f8806224e027f3e3f0138ea9ce99319e298dfdb323304d1f1be6eae8e8c74724.js?body=1" for ::1 at 2016-04-28 14:58:03 +0200


Started GET "/" for ::1 at 2016-04-28 14:58:27 +0200
Processing by PokemonController#index as HTML
  Rendered pokemon/index.html.erb within layouts/application (2.9ms)
Completed 200 OK in 1429ms (Views: 223.5ms | ActiveRecord: 0.0ms)


Started GET "/assets/twitter-bootstrap-static/bootstrap.self-77d963462a71b85aa6c39f0110994006fed4301154d937da52eb3884ff813853.css?body=1" for ::1 at 2016-04-28 14:58:29 +0200


Started GET "/assets/application.self-e80e8f2318043e8af94dddc2adad5a4f09739a8ebb323b3ab31cd71d45fd9113.css?body=1" for ::1 at 2016-04-28 14:58:29 +0200


Started GET "/assets/bootstrap_and_overrides.self-2cb3834583dfbaf0a39c7139750bf963e05d79cbe811126997e013400be5d8dc.css?body=1" for ::1 at 2016-04-28 14:58:29 +0200


Started GET "/assets/pokemon.self-d4abdb5c4746f77633d1fc767e6ed38e949eff702f03ee6c75db407b560f1345.css?body=1" for ::1 at 2016-04-28 14:58:29 +0200


Started GET "/assets/pokemon_api.self-e3b0c44298fc1c149afbf4c8996fb92427ae41e4649b934ca495991b7852b855.css?body=1" for ::1 at 2016-04-28 14:58:29 +0200


Started GET "/assets/jquery.self-a714331225dda820228db323939889f149aec0127aeb06255646b616ba1ca419.js?body=1" for ::1 at 2016-04-28 14:58:29 +0200


Started GET "/assets/jquery_ujs.self-d456baa54c1fa6be2ec3711f0a72ddf7a5b2f34a6b4f515f33767d6207b7d4b3.js?body=1" for ::1 at 2016-04-28 14:58:29 +0200


Started GET "/assets/twitter-bootstrap-static/fontawesome.self-c1a8821f7eb1b195061d7706930814ecc6bd44db4c68f208da5fe14845fa11ea.css?body=1" for ::1 at 2016-04-28 14:58:29 +0200


Started GET "/assets/twitter/bootstrap/transition.self-db278e3a8fa6249c16796b113ebd29e11ef4e2cd021618ed84895d524a4511e0.js?body=1" for ::1 at 2016-04-28 14:58:29 +0200


Started GET "/assets/twitter/bootstrap/alert.self-ebce91ec66c71bcee451ea7da9128fd1bf8faa02c6d22ea04c598423431e4c08.js?body=1" for ::1 at 2016-04-28 14:58:29 +0200


Started GET "/assets/twitter/bootstrap/modal.self-ab1767545e27c0dbd36971e656ae4927171f673e3d932cdec2cbef39e991952b.js?body=1" for ::1 at 2016-04-28 14:58:29 +0200


Started GET "/assets/twitter/bootstrap/dropdown.self-8bb9309b6c24a4ba6b94026a049d25b13bdc0553b6fe83255c14a715ba624cc4.js?body=1" for ::1 at 2016-04-28 14:58:29 +0200


Started GET "/assets/twitter/bootstrap/scrollspy.self-bd0c6724cdc75302fe98dfeff923112b76c1673cf4a0752a7050b7feea15594c.js?body=1" for ::1 at 2016-04-28 14:58:29 +0200


Started GET "/assets/twitter/bootstrap/tab.self-7e3ee4a243bb416b5f0111a0be08f8547c5d72ba71fe4afe4a4a007f5cb4e10e.js?body=1" for ::1 at 2016-04-28 14:58:29 +0200


Started GET "/assets/twitter/bootstrap/popover.self-cd672ecad3b549e1dbd89bfd044e5812d6fdade56f42d48e3acee0c3f4614526.js?body=1" for ::1 at 2016-04-28 14:58:29 +0200


Started GET "/assets/twitter/bootstrap/button.self-ceb562de883e04359bb2c06f07bdf6ecf065cc8a5027e2e58857c5e91b0b68e3.js?body=1" for ::1 at 2016-04-28 14:58:29 +0200


Started GET "/assets/twitter/bootstrap/tooltip.self-d7f9330825307d053f68da11bb9ddc9b070df72deef3d115f2f3d55f66b17457.js?body=1" for ::1 at 2016-04-28 14:58:29 +0200


Started GET "/assets/twitter/bootstrap/collapse.self-a87553101c955a01e2e8c81fad69a16582ddbf58fe95d5eb335dde5567af7647.js?body=1" for ::1 at 2016-04-28 14:58:29 +0200


Started GET "/assets/twitter/bootstrap/carousel.self-5d09995e01b647168888180d40e271f9a6759d68ae7ac029d7026af58813d376.js?body=1" for ::1 at 2016-04-28 14:58:29 +0200


Started GET "/assets/twitter/bootstrap/affix.self-14e04bbe71282aa039322ab93e3a3a886ddede5f59a2f365f7c861f697bbeb21.js?body=1" for ::1 at 2016-04-28 14:58:29 +0200


Started GET "/assets/twitter/bootstrap.self-fbfa5ad7d9aa0afe439ec4ff3883acc4cb92b62cb67c40d674320c9aa1d4642d.js?body=1" for ::1 at 2016-04-28 14:58:29 +0200


Started GET "/assets/init.self-0a4685b14db38542aa926db247c003c36958f83cc753d047053e2d68b4fa00aa.js?body=1" for ::1 at 2016-04-28 14:58:29 +0200


Started GET "/assets/bootstrap.self-5afe7e91ef3675e2be97b8d060a7f3755d6dbc615b76df476df55143da70679f.js?body=1" for ::1 at 2016-04-28 14:58:29 +0200


Started GET "/assets/pokedex.self-2c3eb8b8638084dd7fc013eb06826636144a4c56be11d0c235ce91f4a6e72fd7.js?body=1" for ::1 at 2016-04-28 14:58:29 +0200


Started GET "/assets/pokemon.self-24467c33875be06f4a918f5f0d533bb997a2d605d93f0bee3c331ea3b739460a.js?body=1" for ::1 at 2016-04-28 14:58:29 +0200


Started GET "/assets/application.self-f8806224e027f3e3f0138ea9ce99319e298dfdb323304d1f1be6eae8e8c74724.js?body=1" for ::1 at 2016-04-28 14:58:29 +0200


Started GET "/" for ::1 at 2016-04-28 14:58:31 +0200
Processing by PokemonController#index as HTML
  Rendered pokemon/index.html.erb within layouts/application (3.0ms)
Completed 200 OK in 919ms (Views: 96.8ms | ActiveRecord: 0.0ms)


Started GET "/assets/bootstrap_and_overrides.self-2cb3834583dfbaf0a39c7139750bf963e05d79cbe811126997e013400be5d8dc.css?body=1" for ::1 at 2016-04-28 14:58:32 +0200


Started GET "/assets/twitter-bootstrap-static/bootstrap.self-77d963462a71b85aa6c39f0110994006fed4301154d937da52eb3884ff813853.css?body=1" for ::1 at 2016-04-28 14:58:32 +0200


Started GET "/assets/application.self-e80e8f2318043e8af94dddc2adad5a4f09739a8ebb323b3ab31cd71d45fd9113.css?body=1" for ::1 at 2016-04-28 14:58:32 +0200


Started GET "/assets/pokemon.self-d4abdb5c4746f77633d1fc767e6ed38e949eff702f03ee6c75db407b560f1345.css?body=1" for ::1 at 2016-04-28 14:58:32 +0200


Started GET "/assets/twitter-bootstrap-static/fontawesome.self-c1a8821f7eb1b195061d7706930814ecc6bd44db4c68f208da5fe14845fa11ea.css?body=1" for ::1 at 2016-04-28 14:58:32 +0200


Started GET "/assets/jquery.self-a714331225dda820228db323939889f149aec0127aeb06255646b616ba1ca419.js?body=1" for ::1 at 2016-04-28 14:58:32 +0200


Started GET "/assets/pokemon_api.self-e3b0c44298fc1c149afbf4c8996fb92427ae41e4649b934ca495991b7852b855.css?body=1" for ::1 at 2016-04-28 14:58:32 +0200


Started GET "/assets/jquery_ujs.self-d456baa54c1fa6be2ec3711f0a72ddf7a5b2f34a6b4f515f33767d6207b7d4b3.js?body=1" for ::1 at 2016-04-28 14:58:32 +0200


Started GET "/assets/twitter/bootstrap/transition.self-db278e3a8fa6249c16796b113ebd29e11ef4e2cd021618ed84895d524a4511e0.js?body=1" for ::1 at 2016-04-28 14:58:32 +0200


Started GET "/assets/twitter/bootstrap/alert.self-ebce91ec66c71bcee451ea7da9128fd1bf8faa02c6d22ea04c598423431e4c08.js?body=1" for ::1 at 2016-04-28 14:58:32 +0200


Started GET "/assets/twitter/bootstrap/modal.self-ab1767545e27c0dbd36971e656ae4927171f673e3d932cdec2cbef39e991952b.js?body=1" for ::1 at 2016-04-28 14:58:32 +0200


Started GET "/assets/twitter/bootstrap/dropdown.self-8bb9309b6c24a4ba6b94026a049d25b13bdc0553b6fe83255c14a715ba624cc4.js?body=1" for ::1 at 2016-04-28 14:58:32 +0200


Started GET "/assets/twitter/bootstrap/scrollspy.self-bd0c6724cdc75302fe98dfeff923112b76c1673cf4a0752a7050b7feea15594c.js?body=1" for ::1 at 2016-04-28 14:58:32 +0200


Started GET "/assets/twitter/bootstrap/tab.self-7e3ee4a243bb416b5f0111a0be08f8547c5d72ba71fe4afe4a4a007f5cb4e10e.js?body=1" for ::1 at 2016-04-28 14:58:32 +0200


Started GET "/assets/twitter/bootstrap/tooltip.self-d7f9330825307d053f68da11bb9ddc9b070df72deef3d115f2f3d55f66b17457.js?body=1" for ::1 at 2016-04-28 14:58:32 +0200


Started GET "/assets/twitter/bootstrap/popover.self-cd672ecad3b549e1dbd89bfd044e5812d6fdade56f42d48e3acee0c3f4614526.js?body=1" for ::1 at 2016-04-28 14:58:32 +0200


Started GET "/assets/twitter/bootstrap/button.self-ceb562de883e04359bb2c06f07bdf6ecf065cc8a5027e2e58857c5e91b0b68e3.js?body=1" for ::1 at 2016-04-28 14:58:32 +0200


Started GET "/assets/twitter/bootstrap/collapse.self-a87553101c955a01e2e8c81fad69a16582ddbf58fe95d5eb335dde5567af7647.js?body=1" for ::1 at 2016-04-28 14:58:32 +0200


Started GET "/assets/twitter/bootstrap/carousel.self-5d09995e01b647168888180d40e271f9a6759d68ae7ac029d7026af58813d376.js?body=1" for ::1 at 2016-04-28 14:58:32 +0200


Started GET "/assets/twitter/bootstrap/affix.self-14e04bbe71282aa039322ab93e3a3a886ddede5f59a2f365f7c861f697bbeb21.js?body=1" for ::1 at 2016-04-28 14:58:32 +0200


Started GET "/assets/twitter/bootstrap.self-fbfa5ad7d9aa0afe439ec4ff3883acc4cb92b62cb67c40d674320c9aa1d4642d.js?body=1" for ::1 at 2016-04-28 14:58:32 +0200


Started GET "/assets/init.self-0a4685b14db38542aa926db247c003c36958f83cc753d047053e2d68b4fa00aa.js?body=1" for ::1 at 2016-04-28 14:58:32 +0200


Started GET "/assets/bootstrap.self-5afe7e91ef3675e2be97b8d060a7f3755d6dbc615b76df476df55143da70679f.js?body=1" for ::1 at 2016-04-28 14:58:32 +0200


Started GET "/assets/pokedex.self-2c3eb8b8638084dd7fc013eb06826636144a4c56be11d0c235ce91f4a6e72fd7.js?body=1" for ::1 at 2016-04-28 14:58:32 +0200


Started GET "/assets/pokemon.self-24467c33875be06f4a918f5f0d533bb997a2d605d93f0bee3c331ea3b739460a.js?body=1" for ::1 at 2016-04-28 14:58:32 +0200


Started GET "/assets/application.self-f8806224e027f3e3f0138ea9ce99319e298dfdb323304d1f1be6eae8e8c74724.js?body=1" for ::1 at 2016-04-28 14:58:32 +0200


Started GET "/" for ::1 at 2016-04-28 14:58:43 +0200
Processing by PokemonController#index as HTML
  Rendered pokemon/index.html.erb within layouts/application (3.3ms)
Completed 200 OK in 1106ms (Views: 237.8ms | ActiveRecord: 0.0ms)


Started GET "/assets/twitter-bootstrap-static/bootstrap.self-77d963462a71b85aa6c39f0110994006fed4301154d937da52eb3884ff813853.css?body=1" for ::1 at 2016-04-28 14:58:44 +0200


Started GET "/assets/bootstrap_and_overrides.self-2cb3834583dfbaf0a39c7139750bf963e05d79cbe811126997e013400be5d8dc.css?body=1" for ::1 at 2016-04-28 14:58:44 +0200


Started GET "/assets/application.self-e80e8f2318043e8af94dddc2adad5a4f09739a8ebb323b3ab31cd71d45fd9113.css?body=1" for ::1 at 2016-04-28 14:58:44 +0200


Started GET "/assets/twitter-bootstrap-static/fontawesome.self-c1a8821f7eb1b195061d7706930814ecc6bd44db4c68f208da5fe14845fa11ea.css?body=1" for ::1 at 2016-04-28 14:58:44 +0200


Started GET "/assets/pokemon_api.self-e3b0c44298fc1c149afbf4c8996fb92427ae41e4649b934ca495991b7852b855.css?body=1" for ::1 at 2016-04-28 14:58:44 +0200


Started GET "/assets/pokemon.self-d4abdb5c4746f77633d1fc767e6ed38e949eff702f03ee6c75db407b560f1345.css?body=1" for ::1 at 2016-04-28 14:58:44 +0200


Started GET "/assets/twitter/bootstrap/transition.self-db278e3a8fa6249c16796b113ebd29e11ef4e2cd021618ed84895d524a4511e0.js?body=1" for ::1 at 2016-04-28 14:58:44 +0200


Started GET "/assets/jquery.self-a714331225dda820228db323939889f149aec0127aeb06255646b616ba1ca419.js?body=1" for ::1 at 2016-04-28 14:58:44 +0200


Started GET "/assets/twitter/bootstrap/alert.self-ebce91ec66c71bcee451ea7da9128fd1bf8faa02c6d22ea04c598423431e4c08.js?body=1" for ::1 at 2016-04-28 14:58:44 +0200


Started GET "/assets/jquery_ujs.self-d456baa54c1fa6be2ec3711f0a72ddf7a5b2f34a6b4f515f33767d6207b7d4b3.js?body=1" for ::1 at 2016-04-28 14:58:44 +0200


Started GET "/assets/twitter/bootstrap/modal.self-ab1767545e27c0dbd36971e656ae4927171f673e3d932cdec2cbef39e991952b.js?body=1" for ::1 at 2016-04-28 14:58:44 +0200


Started GET "/assets/twitter/bootstrap/dropdown.self-8bb9309b6c24a4ba6b94026a049d25b13bdc0553b6fe83255c14a715ba624cc4.js?body=1" for ::1 at 2016-04-28 14:58:44 +0200


Started GET "/assets/twitter/bootstrap/scrollspy.self-bd0c6724cdc75302fe98dfeff923112b76c1673cf4a0752a7050b7feea15594c.js?body=1" for ::1 at 2016-04-28 14:58:44 +0200


Started GET "/assets/twitter/bootstrap/tab.self-7e3ee4a243bb416b5f0111a0be08f8547c5d72ba71fe4afe4a4a007f5cb4e10e.js?body=1" for ::1 at 2016-04-28 14:58:44 +0200


Started GET "/assets/twitter/bootstrap/tooltip.self-d7f9330825307d053f68da11bb9ddc9b070df72deef3d115f2f3d55f66b17457.js?body=1" for ::1 at 2016-04-28 14:58:44 +0200


Started GET "/assets/twitter/bootstrap/popover.self-cd672ecad3b549e1dbd89bfd044e5812d6fdade56f42d48e3acee0c3f4614526.js?body=1" for ::1 at 2016-04-28 14:58:44 +0200


Started GET "/assets/twitter/bootstrap/button.self-ceb562de883e04359bb2c06f07bdf6ecf065cc8a5027e2e58857c5e91b0b68e3.js?body=1" for ::1 at 2016-04-28 14:58:44 +0200


Started GET "/assets/twitter/bootstrap/collapse.self-a87553101c955a01e2e8c81fad69a16582ddbf58fe95d5eb335dde5567af7647.js?body=1" for ::1 at 2016-04-28 14:58:44 +0200


Started GET "/assets/twitter/bootstrap/carousel.self-5d09995e01b647168888180d40e271f9a6759d68ae7ac029d7026af58813d376.js?body=1" for ::1 at 2016-04-28 14:58:44 +0200


Started GET "/assets/twitter/bootstrap/affix.self-14e04bbe71282aa039322ab93e3a3a886ddede5f59a2f365f7c861f697bbeb21.js?body=1" for ::1 at 2016-04-28 14:58:44 +0200


Started GET "/assets/init.self-62981ed63dc2e012ce2cea04eb591c058668bae5097c11466af8e2c0ab4ac5d1.js?body=1" for ::1 at 2016-04-28 14:58:44 +0200


Started GET "/assets/twitter/bootstrap.self-fbfa5ad7d9aa0afe439ec4ff3883acc4cb92b62cb67c40d674320c9aa1d4642d.js?body=1" for ::1 at 2016-04-28 14:58:44 +0200


Started GET "/assets/bootstrap.self-5afe7e91ef3675e2be97b8d060a7f3755d6dbc615b76df476df55143da70679f.js?body=1" for ::1 at 2016-04-28 14:58:44 +0200


Started GET "/assets/pokedex.self-2c3eb8b8638084dd7fc013eb06826636144a4c56be11d0c235ce91f4a6e72fd7.js?body=1" for ::1 at 2016-04-28 14:58:44 +0200


Started GET "/assets/pokemon.self-24467c33875be06f4a918f5f0d533bb997a2d605d93f0bee3c331ea3b739460a.js?body=1" for ::1 at 2016-04-28 14:58:44 +0200


Started GET "/assets/application.self-f8806224e027f3e3f0138ea9ce99319e298dfdb323304d1f1be6eae8e8c74724.js?body=1" for ::1 at 2016-04-28 14:58:44 +0200


Started GET "/" for ::1 at 2016-04-28 14:58:47 +0200
Processing by PokemonController#index as HTML
  Rendered pokemon/index.html.erb within layouts/application (3.0ms)
Completed 200 OK in 799ms (Views: 106.2ms | ActiveRecord: 0.0ms)


Started GET "/assets/twitter-bootstrap-static/bootstrap.self-77d963462a71b85aa6c39f0110994006fed4301154d937da52eb3884ff813853.css?body=1" for ::1 at 2016-04-28 14:58:48 +0200


Started GET "/assets/pokemon.self-d4abdb5c4746f77633d1fc767e6ed38e949eff702f03ee6c75db407b560f1345.css?body=1" for ::1 at 2016-04-28 14:58:48 +0200


Started GET "/assets/bootstrap_and_overrides.self-2cb3834583dfbaf0a39c7139750bf963e05d79cbe811126997e013400be5d8dc.css?body=1" for ::1 at 2016-04-28 14:58:48 +0200


Started GET "/assets/twitter-bootstrap-static/fontawesome.self-c1a8821f7eb1b195061d7706930814ecc6bd44db4c68f208da5fe14845fa11ea.css?body=1" for ::1 at 2016-04-28 14:58:48 +0200


Started GET "/assets/application.self-e80e8f2318043e8af94dddc2adad5a4f09739a8ebb323b3ab31cd71d45fd9113.css?body=1" for ::1 at 2016-04-28 14:58:48 +0200


Started GET "/assets/pokemon_api.self-e3b0c44298fc1c149afbf4c8996fb92427ae41e4649b934ca495991b7852b855.css?body=1" for ::1 at 2016-04-28 14:58:48 +0200


Started GET "/assets/jquery.self-a714331225dda820228db323939889f149aec0127aeb06255646b616ba1ca419.js?body=1" for ::1 at 2016-04-28 14:58:48 +0200


Started GET "/assets/jquery_ujs.self-d456baa54c1fa6be2ec3711f0a72ddf7a5b2f34a6b4f515f33767d6207b7d4b3.js?body=1" for ::1 at 2016-04-28 14:58:48 +0200


Started GET "/assets/twitter/bootstrap/transition.self-db278e3a8fa6249c16796b113ebd29e11ef4e2cd021618ed84895d524a4511e0.js?body=1" for ::1 at 2016-04-28 14:58:48 +0200


Started GET "/assets/twitter/bootstrap/alert.self-ebce91ec66c71bcee451ea7da9128fd1bf8faa02c6d22ea04c598423431e4c08.js?body=1" for ::1 at 2016-04-28 14:58:48 +0200


Started GET "/assets/twitter/bootstrap/modal.self-ab1767545e27c0dbd36971e656ae4927171f673e3d932cdec2cbef39e991952b.js?body=1" for ::1 at 2016-04-28 14:58:48 +0200


Started GET "/assets/twitter/bootstrap/dropdown.self-8bb9309b6c24a4ba6b94026a049d25b13bdc0553b6fe83255c14a715ba624cc4.js?body=1" for ::1 at 2016-04-28 14:58:48 +0200


Started GET "/assets/twitter/bootstrap/scrollspy.self-bd0c6724cdc75302fe98dfeff923112b76c1673cf4a0752a7050b7feea15594c.js?body=1" for ::1 at 2016-04-28 14:58:48 +0200


Started GET "/assets/twitter/bootstrap/tab.self-7e3ee4a243bb416b5f0111a0be08f8547c5d72ba71fe4afe4a4a007f5cb4e10e.js?body=1" for ::1 at 2016-04-28 14:58:48 +0200


Started GET "/assets/twitter/bootstrap/tooltip.self-d7f9330825307d053f68da11bb9ddc9b070df72deef3d115f2f3d55f66b17457.js?body=1" for ::1 at 2016-04-28 14:58:48 +0200


Started GET "/assets/twitter/bootstrap/popover.self-cd672ecad3b549e1dbd89bfd044e5812d6fdade56f42d48e3acee0c3f4614526.js?body=1" for ::1 at 2016-04-28 14:58:48 +0200


Started GET "/assets/twitter/bootstrap/button.self-ceb562de883e04359bb2c06f07bdf6ecf065cc8a5027e2e58857c5e91b0b68e3.js?body=1" for ::1 at 2016-04-28 14:58:48 +0200


Started GET "/assets/twitter/bootstrap/collapse.self-a87553101c955a01e2e8c81fad69a16582ddbf58fe95d5eb335dde5567af7647.js?body=1" for ::1 at 2016-04-28 14:58:48 +0200


Started GET "/assets/twitter/bootstrap/carousel.self-5d09995e01b647168888180d40e271f9a6759d68ae7ac029d7026af58813d376.js?body=1" for ::1 at 2016-04-28 14:58:48 +0200


Started GET "/assets/twitter/bootstrap/affix.self-14e04bbe71282aa039322ab93e3a3a886ddede5f59a2f365f7c861f697bbeb21.js?body=1" for ::1 at 2016-04-28 14:58:48 +0200


Started GET "/assets/twitter/bootstrap.self-fbfa5ad7d9aa0afe439ec4ff3883acc4cb92b62cb67c40d674320c9aa1d4642d.js?body=1" for ::1 at 2016-04-28 14:58:48 +0200


Started GET "/assets/init.self-62981ed63dc2e012ce2cea04eb591c058668bae5097c11466af8e2c0ab4ac5d1.js?body=1" for ::1 at 2016-04-28 14:58:48 +0200


Started GET "/assets/bootstrap.self-5afe7e91ef3675e2be97b8d060a7f3755d6dbc615b76df476df55143da70679f.js?body=1" for ::1 at 2016-04-28 14:58:48 +0200


Started GET "/assets/pokedex.self-2c3eb8b8638084dd7fc013eb06826636144a4c56be11d0c235ce91f4a6e72fd7.js?body=1" for ::1 at 2016-04-28 14:58:48 +0200


Started GET "/assets/pokemon.self-24467c33875be06f4a918f5f0d533bb997a2d605d93f0bee3c331ea3b739460a.js?body=1" for ::1 at 2016-04-28 14:58:48 +0200


Started GET "/assets/application.self-f8806224e027f3e3f0138ea9ce99319e298dfdb323304d1f1be6eae8e8c74724.js?body=1" for ::1 at 2016-04-28 14:58:48 +0200


Started GET "/" for ::1 at 2016-04-28 14:58:57 +0200
Processing by PokemonController#index as HTML
  Rendered pokemon/index.html.erb within layouts/application (3.4ms)
Completed 200 OK in 1060ms (Views: 224.9ms | ActiveRecord: 0.0ms)


Started GET "/assets/twitter-bootstrap-static/bootstrap.self-77d963462a71b85aa6c39f0110994006fed4301154d937da52eb3884ff813853.css?body=1" for ::1 at 2016-04-28 14:58:58 +0200


Started GET "/assets/twitter-bootstrap-static/fontawesome.self-c1a8821f7eb1b195061d7706930814ecc6bd44db4c68f208da5fe14845fa11ea.css?body=1" for ::1 at 2016-04-28 14:58:58 +0200


Started GET "/assets/bootstrap_and_overrides.self-2cb3834583dfbaf0a39c7139750bf963e05d79cbe811126997e013400be5d8dc.css?body=1" for ::1 at 2016-04-28 14:58:58 +0200


Started GET "/assets/pokemon.self-d4abdb5c4746f77633d1fc767e6ed38e949eff702f03ee6c75db407b560f1345.css?body=1" for ::1 at 2016-04-28 14:58:58 +0200


Started GET "/assets/pokemon_api.self-e3b0c44298fc1c149afbf4c8996fb92427ae41e4649b934ca495991b7852b855.css?body=1" for ::1 at 2016-04-28 14:58:58 +0200


Started GET "/assets/application.self-e80e8f2318043e8af94dddc2adad5a4f09739a8ebb323b3ab31cd71d45fd9113.css?body=1" for ::1 at 2016-04-28 14:58:58 +0200


Started GET "/assets/init.self-f009eb553965971c3465dfcfa5189a367a2616d63d8077a4e45b2b4638f05b6a.js?body=1" for ::1 at 2016-04-28 14:58:58 +0200


Started GET "/assets/jquery.self-a714331225dda820228db323939889f149aec0127aeb06255646b616ba1ca419.js?body=1" for ::1 at 2016-04-28 14:58:58 +0200


Started GET "/assets/jquery_ujs.self-d456baa54c1fa6be2ec3711f0a72ddf7a5b2f34a6b4f515f33767d6207b7d4b3.js?body=1" for ::1 at 2016-04-28 14:58:58 +0200


Started GET "/assets/twitter/bootstrap/transition.self-db278e3a8fa6249c16796b113ebd29e11ef4e2cd021618ed84895d524a4511e0.js?body=1" for ::1 at 2016-04-28 14:58:58 +0200


Started GET "/assets/twitter/bootstrap/alert.self-ebce91ec66c71bcee451ea7da9128fd1bf8faa02c6d22ea04c598423431e4c08.js?body=1" for ::1 at 2016-04-28 14:58:58 +0200


Started GET "/assets/twitter/bootstrap/modal.self-ab1767545e27c0dbd36971e656ae4927171f673e3d932cdec2cbef39e991952b.js?body=1" for ::1 at 2016-04-28 14:58:58 +0200


Started GET "/assets/twitter/bootstrap/scrollspy.self-bd0c6724cdc75302fe98dfeff923112b76c1673cf4a0752a7050b7feea15594c.js?body=1" for ::1 at 2016-04-28 14:58:58 +0200


Started GET "/assets/twitter/bootstrap/tooltip.self-d7f9330825307d053f68da11bb9ddc9b070df72deef3d115f2f3d55f66b17457.js?body=1" for ::1 at 2016-04-28 14:58:58 +0200


Started GET "/assets/twitter/bootstrap/dropdown.self-8bb9309b6c24a4ba6b94026a049d25b13bdc0553b6fe83255c14a715ba624cc4.js?body=1" for ::1 at 2016-04-28 14:58:58 +0200


Started GET "/assets/twitter/bootstrap/tab.self-7e3ee4a243bb416b5f0111a0be08f8547c5d72ba71fe4afe4a4a007f5cb4e10e.js?body=1" for ::1 at 2016-04-28 14:58:58 +0200


Started GET "/assets/twitter/bootstrap/popover.self-cd672ecad3b549e1dbd89bfd044e5812d6fdade56f42d48e3acee0c3f4614526.js?body=1" for ::1 at 2016-04-28 14:58:58 +0200


Started GET "/assets/twitter/bootstrap/button.self-ceb562de883e04359bb2c06f07bdf6ecf065cc8a5027e2e58857c5e91b0b68e3.js?body=1" for ::1 at 2016-04-28 14:58:58 +0200


Started GET "/assets/twitter/bootstrap/collapse.self-a87553101c955a01e2e8c81fad69a16582ddbf58fe95d5eb335dde5567af7647.js?body=1" for ::1 at 2016-04-28 14:58:58 +0200


Started GET "/assets/twitter/bootstrap/carousel.self-5d09995e01b647168888180d40e271f9a6759d68ae7ac029d7026af58813d376.js?body=1" for ::1 at 2016-04-28 14:58:58 +0200


Started GET "/assets/bootstrap.self-5afe7e91ef3675e2be97b8d060a7f3755d6dbc615b76df476df55143da70679f.js?body=1" for ::1 at 2016-04-28 14:58:58 +0200


Started GET "/assets/twitter/bootstrap.self-fbfa5ad7d9aa0afe439ec4ff3883acc4cb92b62cb67c40d674320c9aa1d4642d.js?body=1" for ::1 at 2016-04-28 14:58:58 +0200


Started GET "/assets/pokedex.self-2c3eb8b8638084dd7fc013eb06826636144a4c56be11d0c235ce91f4a6e72fd7.js?body=1" for ::1 at 2016-04-28 14:58:58 +0200


Started GET "/assets/twitter/bootstrap/affix.self-14e04bbe71282aa039322ab93e3a3a886ddede5f59a2f365f7c861f697bbeb21.js?body=1" for ::1 at 2016-04-28 14:58:58 +0200


Started GET "/assets/pokemon.self-24467c33875be06f4a918f5f0d533bb997a2d605d93f0bee3c331ea3b739460a.js?body=1" for ::1 at 2016-04-28 14:58:58 +0200


Started GET "/assets/application.self-f8806224e027f3e3f0138ea9ce99319e298dfdb323304d1f1be6eae8e8c74724.js?body=1" for ::1 at 2016-04-28 14:58:58 +0200


Started GET "/" for ::1 at 2016-04-28 14:58:58 +0200
Processing by PokemonController#index as HTML
  Rendered pokemon/index.html.erb within layouts/application (2.7ms)
Completed 200 OK in 3239ms (Views: 103.9ms | ActiveRecord: 0.0ms)


Started GET "/" for ::1 at 2016-04-28 14:59:02 +0200
Processing by PokemonController#index as HTML
  Rendered pokemon/index.html.erb within layouts/application (3.4ms)
Completed 200 OK in 762ms (Views: 114.3ms | ActiveRecord: 0.0ms)


Started GET "/assets/twitter-bootstrap-static/bootstrap.self-77d963462a71b85aa6c39f0110994006fed4301154d937da52eb3884ff813853.css?body=1" for ::1 at 2016-04-28 14:59:02 +0200


Started GET "/assets/twitter-bootstrap-static/fontawesome.self-c1a8821f7eb1b195061d7706930814ecc6bd44db4c68f208da5fe14845fa11ea.css?body=1" for ::1 at 2016-04-28 14:59:02 +0200


Started GET "/assets/bootstrap_and_overrides.self-2cb3834583dfbaf0a39c7139750bf963e05d79cbe811126997e013400be5d8dc.css?body=1" for ::1 at 2016-04-28 14:59:02 +0200


Started GET "/assets/application.self-e80e8f2318043e8af94dddc2adad5a4f09739a8ebb323b3ab31cd71d45fd9113.css?body=1" for ::1 at 2016-04-28 14:59:02 +0200


Started GET "/assets/pokemon.self-d4abdb5c4746f77633d1fc767e6ed38e949eff702f03ee6c75db407b560f1345.css?body=1" for ::1 at 2016-04-28 14:59:02 +0200


Started GET "/assets/pokemon_api.self-e3b0c44298fc1c149afbf4c8996fb92427ae41e4649b934ca495991b7852b855.css?body=1" for ::1 at 2016-04-28 14:59:02 +0200


Started GET "/assets/jquery.self-a714331225dda820228db323939889f149aec0127aeb06255646b616ba1ca419.js?body=1" for ::1 at 2016-04-28 14:59:02 +0200


Started GET "/assets/jquery_ujs.self-d456baa54c1fa6be2ec3711f0a72ddf7a5b2f34a6b4f515f33767d6207b7d4b3.js?body=1" for ::1 at 2016-04-28 14:59:02 +0200


Started GET "/assets/twitter/bootstrap/transition.self-db278e3a8fa6249c16796b113ebd29e11ef4e2cd021618ed84895d524a4511e0.js?body=1" for ::1 at 2016-04-28 14:59:03 +0200


Started GET "/assets/twitter/bootstrap/alert.self-ebce91ec66c71bcee451ea7da9128fd1bf8faa02c6d22ea04c598423431e4c08.js?body=1" for ::1 at 2016-04-28 14:59:03 +0200


Started GET "/assets/twitter/bootstrap/modal.self-ab1767545e27c0dbd36971e656ae4927171f673e3d932cdec2cbef39e991952b.js?body=1" for ::1 at 2016-04-28 14:59:03 +0200


Started GET "/assets/twitter/bootstrap/dropdown.self-8bb9309b6c24a4ba6b94026a049d25b13bdc0553b6fe83255c14a715ba624cc4.js?body=1" for ::1 at 2016-04-28 14:59:03 +0200


Started GET "/assets/twitter/bootstrap/scrollspy.self-bd0c6724cdc75302fe98dfeff923112b76c1673cf4a0752a7050b7feea15594c.js?body=1" for ::1 at 2016-04-28 14:59:03 +0200


Started GET "/assets/twitter/bootstrap/tab.self-7e3ee4a243bb416b5f0111a0be08f8547c5d72ba71fe4afe4a4a007f5cb4e10e.js?body=1" for ::1 at 2016-04-28 14:59:03 +0200


Started GET "/assets/twitter/bootstrap/tooltip.self-d7f9330825307d053f68da11bb9ddc9b070df72deef3d115f2f3d55f66b17457.js?body=1" for ::1 at 2016-04-28 14:59:03 +0200


Started GET "/assets/twitter/bootstrap/popover.self-cd672ecad3b549e1dbd89bfd044e5812d6fdade56f42d48e3acee0c3f4614526.js?body=1" for ::1 at 2016-04-28 14:59:03 +0200


Started GET "/assets/twitter/bootstrap/button.self-ceb562de883e04359bb2c06f07bdf6ecf065cc8a5027e2e58857c5e91b0b68e3.js?body=1" for ::1 at 2016-04-28 14:59:03 +0200


Started GET "/assets/twitter/bootstrap/collapse.self-a87553101c955a01e2e8c81fad69a16582ddbf58fe95d5eb335dde5567af7647.js?body=1" for ::1 at 2016-04-28 14:59:03 +0200


Started GET "/assets/twitter/bootstrap/carousel.self-5d09995e01b647168888180d40e271f9a6759d68ae7ac029d7026af58813d376.js?body=1" for ::1 at 2016-04-28 14:59:03 +0200


Started GET "/assets/twitter/bootstrap/affix.self-14e04bbe71282aa039322ab93e3a3a886ddede5f59a2f365f7c861f697bbeb21.js?body=1" for ::1 at 2016-04-28 14:59:03 +0200


Started GET "/assets/twitter/bootstrap.self-fbfa5ad7d9aa0afe439ec4ff3883acc4cb92b62cb67c40d674320c9aa1d4642d.js?body=1" for ::1 at 2016-04-28 14:59:03 +0200


Started GET "/assets/init.self-f009eb553965971c3465dfcfa5189a367a2616d63d8077a4e45b2b4638f05b6a.js?body=1" for ::1 at 2016-04-28 14:59:03 +0200


Started GET "/assets/bootstrap.self-5afe7e91ef3675e2be97b8d060a7f3755d6dbc615b76df476df55143da70679f.js?body=1" for ::1 at 2016-04-28 14:59:03 +0200


Started GET "/assets/pokedex.self-2c3eb8b8638084dd7fc013eb06826636144a4c56be11d0c235ce91f4a6e72fd7.js?body=1" for ::1 at 2016-04-28 14:59:03 +0200


Started GET "/assets/pokemon.self-24467c33875be06f4a918f5f0d533bb997a2d605d93f0bee3c331ea3b739460a.js?body=1" for ::1 at 2016-04-28 14:59:03 +0200


Started GET "/assets/application.self-f8806224e027f3e3f0138ea9ce99319e298dfdb323304d1f1be6eae8e8c74724.js?body=1" for ::1 at 2016-04-28 14:59:03 +0200


Started GET "/" for ::1 at 2016-04-28 14:59:15 +0200
Processing by PokemonController#index as HTML
  Rendered pokemon/index.html.erb within layouts/application (2.7ms)
Completed 200 OK in 1024ms (Views: 223.4ms | ActiveRecord: 0.0ms)


Started GET "/assets/twitter-bootstrap-static/bootstrap.self-77d963462a71b85aa6c39f0110994006fed4301154d937da52eb3884ff813853.css?body=1" for ::1 at 2016-04-28 14:59:16 +0200


Started GET "/assets/bootstrap_and_overrides.self-2cb3834583dfbaf0a39c7139750bf963e05d79cbe811126997e013400be5d8dc.css?body=1" for ::1 at 2016-04-28 14:59:16 +0200


Started GET "/assets/twitter-bootstrap-static/fontawesome.self-c1a8821f7eb1b195061d7706930814ecc6bd44db4c68f208da5fe14845fa11ea.css?body=1" for ::1 at 2016-04-28 14:59:16 +0200


Started GET "/assets/pokemon.self-d4abdb5c4746f77633d1fc767e6ed38e949eff702f03ee6c75db407b560f1345.css?body=1" for ::1 at 2016-04-28 14:59:16 +0200


Started GET "/assets/jquery.self-a714331225dda820228db323939889f149aec0127aeb06255646b616ba1ca419.js?body=1" for ::1 at 2016-04-28 14:59:16 +0200


Started GET "/assets/application.self-e80e8f2318043e8af94dddc2adad5a4f09739a8ebb323b3ab31cd71d45fd9113.css?body=1" for ::1 at 2016-04-28 14:59:16 +0200


Started GET "/assets/pokemon_api.self-e3b0c44298fc1c149afbf4c8996fb92427ae41e4649b934ca495991b7852b855.css?body=1" for ::1 at 2016-04-28 14:59:16 +0200


Started GET "/assets/jquery_ujs.self-d456baa54c1fa6be2ec3711f0a72ddf7a5b2f34a6b4f515f33767d6207b7d4b3.js?body=1" for ::1 at 2016-04-28 14:59:16 +0200


Started GET "/assets/init.self-2e0a62b7558b41148e3efe2c7ed835adee37e4727ddbcbbd1a40df7451a403fe.js?body=1" for ::1 at 2016-04-28 14:59:16 +0200


Started GET "/assets/twitter/bootstrap/modal.self-ab1767545e27c0dbd36971e656ae4927171f673e3d932cdec2cbef39e991952b.js?body=1" for ::1 at 2016-04-28 14:59:16 +0200


Started GET "/assets/twitter/bootstrap/alert.self-ebce91ec66c71bcee451ea7da9128fd1bf8faa02c6d22ea04c598423431e4c08.js?body=1" for ::1 at 2016-04-28 14:59:16 +0200


Started GET "/assets/twitter/bootstrap/dropdown.self-8bb9309b6c24a4ba6b94026a049d25b13bdc0553b6fe83255c14a715ba624cc4.js?body=1" for ::1 at 2016-04-28 14:59:16 +0200


Started GET "/assets/twitter/bootstrap/transition.self-db278e3a8fa6249c16796b113ebd29e11ef4e2cd021618ed84895d524a4511e0.js?body=1" for ::1 at 2016-04-28 14:59:16 +0200


Started GET "/assets/twitter/bootstrap/tab.self-7e3ee4a243bb416b5f0111a0be08f8547c5d72ba71fe4afe4a4a007f5cb4e10e.js?body=1" for ::1 at 2016-04-28 14:59:16 +0200


Started GET "/assets/twitter/bootstrap/tooltip.self-d7f9330825307d053f68da11bb9ddc9b070df72deef3d115f2f3d55f66b17457.js?body=1" for ::1 at 2016-04-28 14:59:16 +0200


Started GET "/assets/twitter/bootstrap/scrollspy.self-bd0c6724cdc75302fe98dfeff923112b76c1673cf4a0752a7050b7feea15594c.js?body=1" for ::1 at 2016-04-28 14:59:16 +0200


Started GET "/assets/twitter/bootstrap/popover.self-cd672ecad3b549e1dbd89bfd044e5812d6fdade56f42d48e3acee0c3f4614526.js?body=1" for ::1 at 2016-04-28 14:59:16 +0200


Started GET "/assets/twitter/bootstrap/button.self-ceb562de883e04359bb2c06f07bdf6ecf065cc8a5027e2e58857c5e91b0b68e3.js?body=1" for ::1 at 2016-04-28 14:59:16 +0200


Started GET "/assets/twitter/bootstrap/collapse.self-a87553101c955a01e2e8c81fad69a16582ddbf58fe95d5eb335dde5567af7647.js?body=1" for ::1 at 2016-04-28 14:59:16 +0200


Started GET "/assets/twitter/bootstrap/carousel.self-5d09995e01b647168888180d40e271f9a6759d68ae7ac029d7026af58813d376.js?body=1" for ::1 at 2016-04-28 14:59:16 +0200


Started GET "/assets/twitter/bootstrap/affix.self-14e04bbe71282aa039322ab93e3a3a886ddede5f59a2f365f7c861f697bbeb21.js?body=1" for ::1 at 2016-04-28 14:59:16 +0200


Started GET "/assets/bootstrap.self-5afe7e91ef3675e2be97b8d060a7f3755d6dbc615b76df476df55143da70679f.js?body=1" for ::1 at 2016-04-28 14:59:16 +0200


Started GET "/assets/twitter/bootstrap.self-fbfa5ad7d9aa0afe439ec4ff3883acc4cb92b62cb67c40d674320c9aa1d4642d.js?body=1" for ::1 at 2016-04-28 14:59:16 +0200


Started GET "/assets/pokedex.self-2c3eb8b8638084dd7fc013eb06826636144a4c56be11d0c235ce91f4a6e72fd7.js?body=1" for ::1 at 2016-04-28 14:59:16 +0200


Started GET "/assets/pokemon.self-24467c33875be06f4a918f5f0d533bb997a2d605d93f0bee3c331ea3b739460a.js?body=1" for ::1 at 2016-04-28 14:59:16 +0200


Started GET "/assets/application.self-f8806224e027f3e3f0138ea9ce99319e298dfdb323304d1f1be6eae8e8c74724.js?body=1" for ::1 at 2016-04-28 14:59:16 +0200


Started GET "/" for ::1 at 2016-04-28 14:59:46 +0200
Processing by PokemonController#index as HTML
  Rendered pokemon/index.html.erb within layouts/application (2.7ms)
Completed 200 OK in 1379ms (Views: 100.9ms | ActiveRecord: 0.0ms)


Started GET "/assets/twitter-bootstrap-static/bootstrap.self-77d963462a71b85aa6c39f0110994006fed4301154d937da52eb3884ff813853.css?body=1" for ::1 at 2016-04-28 14:59:48 +0200


Started GET "/assets/bootstrap_and_overrides.self-2cb3834583dfbaf0a39c7139750bf963e05d79cbe811126997e013400be5d8dc.css?body=1" for ::1 at 2016-04-28 14:59:48 +0200


Started GET "/assets/pokemon.self-d4abdb5c4746f77633d1fc767e6ed38e949eff702f03ee6c75db407b560f1345.css?body=1" for ::1 at 2016-04-28 14:59:48 +0200


Started GET "/assets/twitter-bootstrap-static/fontawesome.self-c1a8821f7eb1b195061d7706930814ecc6bd44db4c68f208da5fe14845fa11ea.css?body=1" for ::1 at 2016-04-28 14:59:48 +0200


Started GET "/assets/application.self-e80e8f2318043e8af94dddc2adad5a4f09739a8ebb323b3ab31cd71d45fd9113.css?body=1" for ::1 at 2016-04-28 14:59:48 +0200


Started GET "/assets/pokemon_api.self-e3b0c44298fc1c149afbf4c8996fb92427ae41e4649b934ca495991b7852b855.css?body=1" for ::1 at 2016-04-28 14:59:48 +0200


Started GET "/assets/twitter/bootstrap/transition.self-db278e3a8fa6249c16796b113ebd29e11ef4e2cd021618ed84895d524a4511e0.js?body=1" for ::1 at 2016-04-28 14:59:48 +0200


Started GET "/assets/jquery.self-a714331225dda820228db323939889f149aec0127aeb06255646b616ba1ca419.js?body=1" for ::1 at 2016-04-28 14:59:48 +0200


Started GET "/assets/jquery_ujs.self-d456baa54c1fa6be2ec3711f0a72ddf7a5b2f34a6b4f515f33767d6207b7d4b3.js?body=1" for ::1 at 2016-04-28 14:59:48 +0200


Started GET "/assets/twitter/bootstrap/alert.self-ebce91ec66c71bcee451ea7da9128fd1bf8faa02c6d22ea04c598423431e4c08.js?body=1" for ::1 at 2016-04-28 14:59:48 +0200


Started GET "/assets/twitter/bootstrap/modal.self-ab1767545e27c0dbd36971e656ae4927171f673e3d932cdec2cbef39e991952b.js?body=1" for ::1 at 2016-04-28 14:59:48 +0200


Started GET "/assets/twitter/bootstrap/dropdown.self-8bb9309b6c24a4ba6b94026a049d25b13bdc0553b6fe83255c14a715ba624cc4.js?body=1" for ::1 at 2016-04-28 14:59:48 +0200


Started GET "/assets/twitter/bootstrap/scrollspy.self-bd0c6724cdc75302fe98dfeff923112b76c1673cf4a0752a7050b7feea15594c.js?body=1" for ::1 at 2016-04-28 14:59:48 +0200


Started GET "/assets/twitter/bootstrap/tooltip.self-d7f9330825307d053f68da11bb9ddc9b070df72deef3d115f2f3d55f66b17457.js?body=1" for ::1 at 2016-04-28 14:59:48 +0200


Started GET "/assets/twitter/bootstrap/popover.self-cd672ecad3b549e1dbd89bfd044e5812d6fdade56f42d48e3acee0c3f4614526.js?body=1" for ::1 at 2016-04-28 14:59:48 +0200


Started GET "/assets/twitter/bootstrap/tab.self-7e3ee4a243bb416b5f0111a0be08f8547c5d72ba71fe4afe4a4a007f5cb4e10e.js?body=1" for ::1 at 2016-04-28 14:59:48 +0200


Started GET "/assets/twitter/bootstrap/button.self-ceb562de883e04359bb2c06f07bdf6ecf065cc8a5027e2e58857c5e91b0b68e3.js?body=1" for ::1 at 2016-04-28 14:59:48 +0200


Started GET "/assets/twitter/bootstrap/collapse.self-a87553101c955a01e2e8c81fad69a16582ddbf58fe95d5eb335dde5567af7647.js?body=1" for ::1 at 2016-04-28 14:59:48 +0200


Started GET "/assets/twitter/bootstrap/carousel.self-5d09995e01b647168888180d40e271f9a6759d68ae7ac029d7026af58813d376.js?body=1" for ::1 at 2016-04-28 14:59:48 +0200


Started GET "/assets/twitter/bootstrap/affix.self-14e04bbe71282aa039322ab93e3a3a886ddede5f59a2f365f7c861f697bbeb21.js?body=1" for ::1 at 2016-04-28 14:59:48 +0200


Started GET "/assets/twitter/bootstrap.self-fbfa5ad7d9aa0afe439ec4ff3883acc4cb92b62cb67c40d674320c9aa1d4642d.js?body=1" for ::1 at 2016-04-28 14:59:48 +0200


Started GET "/assets/init.self-2e0a62b7558b41148e3efe2c7ed835adee37e4727ddbcbbd1a40df7451a403fe.js?body=1" for ::1 at 2016-04-28 14:59:48 +0200


Started GET "/assets/bootstrap.self-5afe7e91ef3675e2be97b8d060a7f3755d6dbc615b76df476df55143da70679f.js?body=1" for ::1 at 2016-04-28 14:59:48 +0200


Started GET "/assets/pokedex.self-2c3eb8b8638084dd7fc013eb06826636144a4c56be11d0c235ce91f4a6e72fd7.js?body=1" for ::1 at 2016-04-28 14:59:48 +0200


Started GET "/assets/pokemon.self-24467c33875be06f4a918f5f0d533bb997a2d605d93f0bee3c331ea3b739460a.js?body=1" for ::1 at 2016-04-28 14:59:48 +0200


Started GET "/assets/application.self-f8806224e027f3e3f0138ea9ce99319e298dfdb323304d1f1be6eae8e8c74724.js?body=1" for ::1 at 2016-04-28 14:59:48 +0200


Started GET "/" for ::1 at 2016-04-28 15:00:16 +0200
Processing by PokemonController#index as HTML
  Rendered pokemon/index.html.erb within layouts/application (11.4ms)
Completed 200 OK in 1331ms (Views: 239.2ms | ActiveRecord: 0.0ms)


Started GET "/assets/bootstrap_and_overrides.self-2cb3834583dfbaf0a39c7139750bf963e05d79cbe811126997e013400be5d8dc.css?body=1" for ::1 at 2016-04-28 15:00:17 +0200


Started GET "/assets/twitter-bootstrap-static/bootstrap.self-77d963462a71b85aa6c39f0110994006fed4301154d937da52eb3884ff813853.css?body=1" for ::1 at 2016-04-28 15:00:17 +0200


Started GET "/assets/twitter-bootstrap-static/fontawesome.self-c1a8821f7eb1b195061d7706930814ecc6bd44db4c68f208da5fe14845fa11ea.css?body=1" for ::1 at 2016-04-28 15:00:17 +0200


Started GET "/assets/pokemon_api.self-e3b0c44298fc1c149afbf4c8996fb92427ae41e4649b934ca495991b7852b855.css?body=1" for ::1 at 2016-04-28 15:00:17 +0200


Started GET "/assets/application.self-e80e8f2318043e8af94dddc2adad5a4f09739a8ebb323b3ab31cd71d45fd9113.css?body=1" for ::1 at 2016-04-28 15:00:17 +0200


Started GET "/assets/pokemon.self-d4abdb5c4746f77633d1fc767e6ed38e949eff702f03ee6c75db407b560f1345.css?body=1" for ::1 at 2016-04-28 15:00:17 +0200


Started GET "/assets/jquery.self-a714331225dda820228db323939889f149aec0127aeb06255646b616ba1ca419.js?body=1" for ::1 at 2016-04-28 15:00:17 +0200


Started GET "/assets/jquery_ujs.self-d456baa54c1fa6be2ec3711f0a72ddf7a5b2f34a6b4f515f33767d6207b7d4b3.js?body=1" for ::1 at 2016-04-28 15:00:17 +0200


Started GET "/assets/twitter/bootstrap/transition.self-db278e3a8fa6249c16796b113ebd29e11ef4e2cd021618ed84895d524a4511e0.js?body=1" for ::1 at 2016-04-28 15:00:17 +0200


Started GET "/assets/twitter/bootstrap/alert.self-ebce91ec66c71bcee451ea7da9128fd1bf8faa02c6d22ea04c598423431e4c08.js?body=1" for ::1 at 2016-04-28 15:00:17 +0200


Started GET "/assets/twitter/bootstrap/modal.self-ab1767545e27c0dbd36971e656ae4927171f673e3d932cdec2cbef39e991952b.js?body=1" for ::1 at 2016-04-28 15:00:17 +0200


Started GET "/assets/twitter/bootstrap/dropdown.self-8bb9309b6c24a4ba6b94026a049d25b13bdc0553b6fe83255c14a715ba624cc4.js?body=1" for ::1 at 2016-04-28 15:00:17 +0200


Started GET "/assets/twitter/bootstrap/scrollspy.self-bd0c6724cdc75302fe98dfeff923112b76c1673cf4a0752a7050b7feea15594c.js?body=1" for ::1 at 2016-04-28 15:00:17 +0200


Started GET "/assets/twitter/bootstrap/tab.self-7e3ee4a243bb416b5f0111a0be08f8547c5d72ba71fe4afe4a4a007f5cb4e10e.js?body=1" for ::1 at 2016-04-28 15:00:17 +0200


Started GET "/assets/twitter/bootstrap/tooltip.self-d7f9330825307d053f68da11bb9ddc9b070df72deef3d115f2f3d55f66b17457.js?body=1" for ::1 at 2016-04-28 15:00:17 +0200


Started GET "/assets/twitter/bootstrap/popover.self-cd672ecad3b549e1dbd89bfd044e5812d6fdade56f42d48e3acee0c3f4614526.js?body=1" for ::1 at 2016-04-28 15:00:17 +0200


Started GET "/assets/twitter/bootstrap/button.self-ceb562de883e04359bb2c06f07bdf6ecf065cc8a5027e2e58857c5e91b0b68e3.js?body=1" for ::1 at 2016-04-28 15:00:17 +0200


Started GET "/assets/twitter/bootstrap/collapse.self-a87553101c955a01e2e8c81fad69a16582ddbf58fe95d5eb335dde5567af7647.js?body=1" for ::1 at 2016-04-28 15:00:17 +0200


Started GET "/assets/twitter/bootstrap/carousel.self-5d09995e01b647168888180d40e271f9a6759d68ae7ac029d7026af58813d376.js?body=1" for ::1 at 2016-04-28 15:00:17 +0200


Started GET "/assets/pokedex.self-a5282a6dcdc4e3739cd62b3d9dcab009243b549e93a19ca0f5d2b231436c5d25.js?body=1" for ::1 at 2016-04-28 15:00:17 +0200


Started GET "/assets/pokemon.self-64f33648b2182b77500bb70d87815914e8df40149a09bc3ca30cc938e4bd609c.js?body=1" for ::1 at 2016-04-28 15:00:17 +0200


Started GET "/assets/twitter/bootstrap.self-fbfa5ad7d9aa0afe439ec4ff3883acc4cb92b62cb67c40d674320c9aa1d4642d.js?body=1" for ::1 at 2016-04-28 15:00:17 +0200


Started GET "/assets/twitter/bootstrap/affix.self-14e04bbe71282aa039322ab93e3a3a886ddede5f59a2f365f7c861f697bbeb21.js?body=1" for ::1 at 2016-04-28 15:00:18 +0200


Started GET "/assets/init.self-2e0a62b7558b41148e3efe2c7ed835adee37e4727ddbcbbd1a40df7451a403fe.js?body=1" for ::1 at 2016-04-28 15:00:18 +0200


Started GET "/assets/bootstrap.self-5afe7e91ef3675e2be97b8d060a7f3755d6dbc615b76df476df55143da70679f.js?body=1" for ::1 at 2016-04-28 15:00:18 +0200


Started GET "/assets/application.self-f8806224e027f3e3f0138ea9ce99319e298dfdb323304d1f1be6eae8e8c74724.js?body=1" for ::1 at 2016-04-28 15:00:18 +0200


Started GET "/" for ::1 at 2016-04-28 15:00:23 +0200
Processing by PokemonController#index as HTML
  Rendered pokemon/index.html.erb within layouts/application (3.1ms)
Completed 200 OK in 1058ms (Views: 101.8ms | ActiveRecord: 0.0ms)


Started GET "/assets/twitter-bootstrap-static/fontawesome.self-c1a8821f7eb1b195061d7706930814ecc6bd44db4c68f208da5fe14845fa11ea.css?body=1" for ::1 at 2016-04-28 15:00:24 +0200


Started GET "/assets/twitter-bootstrap-static/bootstrap.self-77d963462a71b85aa6c39f0110994006fed4301154d937da52eb3884ff813853.css?body=1" for ::1 at 2016-04-28 15:00:24 +0200


Started GET "/assets/application.self-e80e8f2318043e8af94dddc2adad5a4f09739a8ebb323b3ab31cd71d45fd9113.css?body=1" for ::1 at 2016-04-28 15:00:24 +0200


Started GET "/assets/pokemon.self-d4abdb5c4746f77633d1fc767e6ed38e949eff702f03ee6c75db407b560f1345.css?body=1" for ::1 at 2016-04-28 15:00:24 +0200


Started GET "/assets/jquery_ujs.self-d456baa54c1fa6be2ec3711f0a72ddf7a5b2f34a6b4f515f33767d6207b7d4b3.js?body=1" for ::1 at 2016-04-28 15:00:24 +0200


Started GET "/assets/bootstrap_and_overrides.self-2cb3834583dfbaf0a39c7139750bf963e05d79cbe811126997e013400be5d8dc.css?body=1" for ::1 at 2016-04-28 15:00:24 +0200


Started GET "/assets/pokemon_api.self-e3b0c44298fc1c149afbf4c8996fb92427ae41e4649b934ca495991b7852b855.css?body=1" for ::1 at 2016-04-28 15:00:24 +0200


Started GET "/assets/jquery.self-a714331225dda820228db323939889f149aec0127aeb06255646b616ba1ca419.js?body=1" for ::1 at 2016-04-28 15:00:24 +0200


Started GET "/assets/twitter/bootstrap/transition.self-db278e3a8fa6249c16796b113ebd29e11ef4e2cd021618ed84895d524a4511e0.js?body=1" for ::1 at 2016-04-28 15:00:24 +0200


Started GET "/assets/twitter/bootstrap/alert.self-ebce91ec66c71bcee451ea7da9128fd1bf8faa02c6d22ea04c598423431e4c08.js?body=1" for ::1 at 2016-04-28 15:00:24 +0200


Started GET "/assets/twitter/bootstrap/modal.self-ab1767545e27c0dbd36971e656ae4927171f673e3d932cdec2cbef39e991952b.js?body=1" for ::1 at 2016-04-28 15:00:24 +0200


Started GET "/assets/twitter/bootstrap/dropdown.self-8bb9309b6c24a4ba6b94026a049d25b13bdc0553b6fe83255c14a715ba624cc4.js?body=1" for ::1 at 2016-04-28 15:00:24 +0200


Started GET "/assets/twitter/bootstrap/scrollspy.self-bd0c6724cdc75302fe98dfeff923112b76c1673cf4a0752a7050b7feea15594c.js?body=1" for ::1 at 2016-04-28 15:00:24 +0200


Started GET "/assets/twitter/bootstrap/tab.self-7e3ee4a243bb416b5f0111a0be08f8547c5d72ba71fe4afe4a4a007f5cb4e10e.js?body=1" for ::1 at 2016-04-28 15:00:24 +0200


Started GET "/assets/twitter/bootstrap/tooltip.self-d7f9330825307d053f68da11bb9ddc9b070df72deef3d115f2f3d55f66b17457.js?body=1" for ::1 at 2016-04-28 15:00:24 +0200


Started GET "/assets/twitter/bootstrap/popover.self-cd672ecad3b549e1dbd89bfd044e5812d6fdade56f42d48e3acee0c3f4614526.js?body=1" for ::1 at 2016-04-28 15:00:24 +0200


Started GET "/assets/twitter/bootstrap/button.self-ceb562de883e04359bb2c06f07bdf6ecf065cc8a5027e2e58857c5e91b0b68e3.js?body=1" for ::1 at 2016-04-28 15:00:24 +0200


Started GET "/assets/twitter/bootstrap/collapse.self-a87553101c955a01e2e8c81fad69a16582ddbf58fe95d5eb335dde5567af7647.js?body=1" for ::1 at 2016-04-28 15:00:24 +0200


Started GET "/assets/twitter/bootstrap/carousel.self-5d09995e01b647168888180d40e271f9a6759d68ae7ac029d7026af58813d376.js?body=1" for ::1 at 2016-04-28 15:00:24 +0200


Started GET "/assets/twitter/bootstrap/affix.self-14e04bbe71282aa039322ab93e3a3a886ddede5f59a2f365f7c861f697bbeb21.js?body=1" for ::1 at 2016-04-28 15:00:24 +0200


Started GET "/assets/init.self-2e0a62b7558b41148e3efe2c7ed835adee37e4727ddbcbbd1a40df7451a403fe.js?body=1" for ::1 at 2016-04-28 15:00:24 +0200


Started GET "/assets/twitter/bootstrap.self-fbfa5ad7d9aa0afe439ec4ff3883acc4cb92b62cb67c40d674320c9aa1d4642d.js?body=1" for ::1 at 2016-04-28 15:00:24 +0200


Started GET "/assets/pokedex.self-a5282a6dcdc4e3739cd62b3d9dcab009243b549e93a19ca0f5d2b231436c5d25.js?body=1" for ::1 at 2016-04-28 15:00:24 +0200


Started GET "/assets/bootstrap.self-5afe7e91ef3675e2be97b8d060a7f3755d6dbc615b76df476df55143da70679f.js?body=1" for ::1 at 2016-04-28 15:00:24 +0200


Started GET "/assets/pokemon.self-64f33648b2182b77500bb70d87815914e8df40149a09bc3ca30cc938e4bd609c.js?body=1" for ::1 at 2016-04-28 15:00:24 +0200


Started GET "/assets/application.self-f8806224e027f3e3f0138ea9ce99319e298dfdb323304d1f1be6eae8e8c74724.js?body=1" for ::1 at 2016-04-28 15:00:24 +0200


Started GET "/api/v1/pokemon/19/" for ::1 at 2016-04-28 15:00:26 +0200
Processing by PokemonApiController#forward as */*
  Parameters: {"uri"=>"pokemon/19"}
Completed 200 OK in 565ms (Views: 0.2ms | ActiveRecord: 0.0ms)


Started GET "/api/v1/pokemon/19/" for ::1 at 2016-04-28 15:01:00 +0200
Processing by PokemonApiController#forward as */*
  Parameters: {"uri"=>"pokemon/19"}
Completed 200 OK in 977ms (Views: 0.2ms | ActiveRecord: 0.0ms)


Started GET "/api/v1/pokemon/5/" for ::1 at 2016-04-28 15:01:05 +0200
Processing by PokemonApiController#forward as */*
  Parameters: {"uri"=>"pokemon/5"}
Completed 200 OK in 434ms (Views: 0.1ms | ActiveRecord: 0.0ms)


Started GET "/api/v1/pokemon/9/" for ::1 at 2016-04-28 15:01:08 +0200
Processing by PokemonApiController#forward as */*
  Parameters: {"uri"=>"pokemon/9"}
Completed 200 OK in 982ms (Views: 0.1ms | ActiveRecord: 0.0ms)


Started GET "/api/v1/pokemon/8/" for ::1 at 2016-04-28 15:01:12 +0200
Processing by PokemonApiController#forward as */*
  Parameters: {"uri"=>"pokemon/8"}
Completed 200 OK in 1026ms (Views: 0.1ms | ActiveRecord: 0.0ms)


Started GET "/api/v1/pokemon/9/" for ::1 at 2016-04-28 15:01:17 +0200
Processing by PokemonApiController#forward as */*
  Parameters: {"uri"=>"pokemon/9"}
Completed 200 OK in 453ms (Views: 0.1ms | ActiveRecord: 0.0ms)


Started GET "/api/v1/pokemon/21/" for ::1 at 2016-04-28 15:01:20 +0200
Processing by PokemonApiController#forward as */*
  Parameters: {"uri"=>"pokemon/21"}
Completed 200 OK in 686ms (Views: 0.2ms | ActiveRecord: 0.0ms)


Started GET "/api/v1/pokemon/22/" for ::1 at 2016-04-28 15:01:24 +0200
Processing by PokemonApiController#forward as */*
  Parameters: {"uri"=>"pokemon/22"}
Completed 200 OK in 512ms (Views: 0.5ms | ActiveRecord: 0.0ms)


Started GET "/api/v1/pokemon/12/" for ::1 at 2016-04-28 15:01:32 +0200
Processing by PokemonApiController#forward as */*
  Parameters: {"uri"=>"pokemon/12"}
Completed 200 OK in 975ms (Views: 0.1ms | ActiveRecord: 0.0ms)


Started GET "/api/v1/pokemon/22/" for ::1 at 2016-04-28 15:05:14 +0200
Processing by PokemonApiController#forward as */*
  Parameters: {"uri"=>"pokemon/22"}
Completed 200 OK in 6169ms (Views: 0.1ms | ActiveRecord: 0.0ms)


Started GET "/api/v1/pokemon/25/" for ::1 at 2016-04-28 15:05:21 +0200
Processing by PokemonApiController#forward as */*
  Parameters: {"uri"=>"pokemon/25"}
Completed 200 OK in 21482ms (Views: 0.1ms | ActiveRecord: 0.0ms)


Started GET "/" for ::1 at 2016-04-28 15:07:58 +0200
Processing by PokemonController#index as HTML
  Rendered pokemon/index.html.erb within layouts/application (2.8ms)
Completed 200 OK in 1423ms (Views: 223.4ms | ActiveRecord: 0.0ms)


Started GET "/assets/twitter-bootstrap-static/bootstrap.self-77d963462a71b85aa6c39f0110994006fed4301154d937da52eb3884ff813853.css?body=1" for ::1 at 2016-04-28 15:07:59 +0200


Started GET "/assets/twitter-bootstrap-static/fontawesome.self-c1a8821f7eb1b195061d7706930814ecc6bd44db4c68f208da5fe14845fa11ea.css?body=1" for ::1 at 2016-04-28 15:07:59 +0200


Started GET "/assets/pokemon.self-d4abdb5c4746f77633d1fc767e6ed38e949eff702f03ee6c75db407b560f1345.css?body=1" for ::1 at 2016-04-28 15:07:59 +0200


Started GET "/assets/jquery.self-a714331225dda820228db323939889f149aec0127aeb06255646b616ba1ca419.js?body=1" for ::1 at 2016-04-28 15:07:59 +0200


Started GET "/assets/pokemon_api.self-e3b0c44298fc1c149afbf4c8996fb92427ae41e4649b934ca495991b7852b855.css?body=1" for ::1 at 2016-04-28 15:07:59 +0200


Started GET "/assets/bootstrap_and_overrides.self-2cb3834583dfbaf0a39c7139750bf963e05d79cbe811126997e013400be5d8dc.css?body=1" for ::1 at 2016-04-28 15:07:59 +0200


Started GET "/assets/jquery_ujs.self-d456baa54c1fa6be2ec3711f0a72ddf7a5b2f34a6b4f515f33767d6207b7d4b3.js?body=1" for ::1 at 2016-04-28 15:07:59 +0200


Started GET "/assets/application.self-e80e8f2318043e8af94dddc2adad5a4f09739a8ebb323b3ab31cd71d45fd9113.css?body=1" for ::1 at 2016-04-28 15:07:59 +0200


Started GET "/assets/twitter/bootstrap/transition.self-db278e3a8fa6249c16796b113ebd29e11ef4e2cd021618ed84895d524a4511e0.js?body=1" for ::1 at 2016-04-28 15:07:59 +0200


Started GET "/assets/twitter/bootstrap/alert.self-ebce91ec66c71bcee451ea7da9128fd1bf8faa02c6d22ea04c598423431e4c08.js?body=1" for ::1 at 2016-04-28 15:07:59 +0200


Started GET "/assets/twitter/bootstrap/modal.self-ab1767545e27c0dbd36971e656ae4927171f673e3d932cdec2cbef39e991952b.js?body=1" for ::1 at 2016-04-28 15:07:59 +0200


Started GET "/assets/twitter/bootstrap/dropdown.self-8bb9309b6c24a4ba6b94026a049d25b13bdc0553b6fe83255c14a715ba624cc4.js?body=1" for ::1 at 2016-04-28 15:07:59 +0200


Started GET "/assets/twitter/bootstrap/scrollspy.self-bd0c6724cdc75302fe98dfeff923112b76c1673cf4a0752a7050b7feea15594c.js?body=1" for ::1 at 2016-04-28 15:07:59 +0200


Started GET "/assets/twitter/bootstrap/tab.self-7e3ee4a243bb416b5f0111a0be08f8547c5d72ba71fe4afe4a4a007f5cb4e10e.js?body=1" for ::1 at 2016-04-28 15:07:59 +0200


Started GET "/assets/twitter/bootstrap/tooltip.self-d7f9330825307d053f68da11bb9ddc9b070df72deef3d115f2f3d55f66b17457.js?body=1" for ::1 at 2016-04-28 15:07:59 +0200


Started GET "/assets/twitter/bootstrap/popover.self-cd672ecad3b549e1dbd89bfd044e5812d6fdade56f42d48e3acee0c3f4614526.js?body=1" for ::1 at 2016-04-28 15:07:59 +0200


Started GET "/assets/twitter/bootstrap/button.self-ceb562de883e04359bb2c06f07bdf6ecf065cc8a5027e2e58857c5e91b0b68e3.js?body=1" for ::1 at 2016-04-28 15:07:59 +0200


Started GET "/assets/twitter/bootstrap/collapse.self-a87553101c955a01e2e8c81fad69a16582ddbf58fe95d5eb335dde5567af7647.js?body=1" for ::1 at 2016-04-28 15:07:59 +0200


Started GET "/assets/twitter/bootstrap/carousel.self-5d09995e01b647168888180d40e271f9a6759d68ae7ac029d7026af58813d376.js?body=1" for ::1 at 2016-04-28 15:07:59 +0200


Started GET "/assets/twitter/bootstrap/affix.self-14e04bbe71282aa039322ab93e3a3a886ddede5f59a2f365f7c861f697bbeb21.js?body=1" for ::1 at 2016-04-28 15:07:59 +0200


Started GET "/assets/twitter/bootstrap.self-fbfa5ad7d9aa0afe439ec4ff3883acc4cb92b62cb67c40d674320c9aa1d4642d.js?body=1" for ::1 at 2016-04-28 15:07:59 +0200


Started GET "/assets/init.self-2e0a62b7558b41148e3efe2c7ed835adee37e4727ddbcbbd1a40df7451a403fe.js?body=1" for ::1 at 2016-04-28 15:07:59 +0200


Started GET "/assets/pokemon.self-5aad4d608ab0d5b536a9e770385d3e87467af6527439e54d56031d79636eced6.js?body=1" for ::1 at 2016-04-28 15:07:59 +0200


Started GET "/assets/bootstrap.self-5afe7e91ef3675e2be97b8d060a7f3755d6dbc615b76df476df55143da70679f.js?body=1" for ::1 at 2016-04-28 15:07:59 +0200


Started GET "/assets/pokedex.self-a5282a6dcdc4e3739cd62b3d9dcab009243b549e93a19ca0f5d2b231436c5d25.js?body=1" for ::1 at 2016-04-28 15:07:59 +0200


Started GET "/assets/application.self-f8806224e027f3e3f0138ea9ce99319e298dfdb323304d1f1be6eae8e8c74724.js?body=1" for ::1 at 2016-04-28 15:07:59 +0200


Started GET "/api/v1/pokemon/19/" for ::1 at 2016-04-28 15:08:01 +0200
Processing by PokemonApiController#forward as */*
  Parameters: {"uri"=>"pokemon/19"}
Completed 200 OK in 582ms (Views: 0.2ms | ActiveRecord: 0.0ms)


Started GET "/api/v1/pokemon/4/" for ::1 at 2016-04-28 15:08:14 +0200
Processing by PokemonApiController#forward as */*
  Parameters: {"uri"=>"pokemon/4"}
Completed 200 OK in 699ms (Views: 0.1ms | ActiveRecord: 0.0ms)


Started GET "/api/v1/pokemon/19/" for ::1 at 2016-04-28 15:10:13 +0200
Processing by PokemonApiController#forward as */*
  Parameters: {"uri"=>"pokemon/19"}
Completed 200 OK in 1287ms (Views: 0.1ms | ActiveRecord: 0.0ms)


Started GET "/" for ::1 at 2016-04-28 15:10:17 +0200
Processing by PokemonController#index as HTML
  Rendered pokemon/index.html.erb within layouts/application (3.1ms)
Completed 200 OK in 902ms (Views: 95.4ms | ActiveRecord: 0.0ms)


Started GET "/assets/twitter-bootstrap-static/bootstrap.self-77d963462a71b85aa6c39f0110994006fed4301154d937da52eb3884ff813853.css?body=1" for ::1 at 2016-04-28 15:10:18 +0200


Started GET "/assets/twitter-bootstrap-static/fontawesome.self-c1a8821f7eb1b195061d7706930814ecc6bd44db4c68f208da5fe14845fa11ea.css?body=1" for ::1 at 2016-04-28 15:10:18 +0200


Started GET "/assets/pokemon.self-d4abdb5c4746f77633d1fc767e6ed38e949eff702f03ee6c75db407b560f1345.css?body=1" for ::1 at 2016-04-28 15:10:18 +0200


Started GET "/assets/application.self-e80e8f2318043e8af94dddc2adad5a4f09739a8ebb323b3ab31cd71d45fd9113.css?body=1" for ::1 at 2016-04-28 15:10:18 +0200


Started GET "/assets/bootstrap_and_overrides.self-2cb3834583dfbaf0a39c7139750bf963e05d79cbe811126997e013400be5d8dc.css?body=1" for ::1 at 2016-04-28 15:10:18 +0200


Started GET "/assets/pokemon_api.self-e3b0c44298fc1c149afbf4c8996fb92427ae41e4649b934ca495991b7852b855.css?body=1" for ::1 at 2016-04-28 15:10:18 +0200


Started GET "/assets/jquery.self-a714331225dda820228db323939889f149aec0127aeb06255646b616ba1ca419.js?body=1" for ::1 at 2016-04-28 15:10:18 +0200


Started GET "/assets/jquery_ujs.self-d456baa54c1fa6be2ec3711f0a72ddf7a5b2f34a6b4f515f33767d6207b7d4b3.js?body=1" for ::1 at 2016-04-28 15:10:18 +0200


Started GET "/assets/twitter/bootstrap/transition.self-db278e3a8fa6249c16796b113ebd29e11ef4e2cd021618ed84895d524a4511e0.js?body=1" for ::1 at 2016-04-28 15:10:18 +0200


Started GET "/assets/twitter/bootstrap/alert.self-ebce91ec66c71bcee451ea7da9128fd1bf8faa02c6d22ea04c598423431e4c08.js?body=1" for ::1 at 2016-04-28 15:10:18 +0200


Started GET "/assets/twitter/bootstrap/modal.self-ab1767545e27c0dbd36971e656ae4927171f673e3d932cdec2cbef39e991952b.js?body=1" for ::1 at 2016-04-28 15:10:18 +0200


Started GET "/assets/twitter/bootstrap/dropdown.self-8bb9309b6c24a4ba6b94026a049d25b13bdc0553b6fe83255c14a715ba624cc4.js?body=1" for ::1 at 2016-04-28 15:10:18 +0200


Started GET "/assets/twitter/bootstrap/scrollspy.self-bd0c6724cdc75302fe98dfeff923112b76c1673cf4a0752a7050b7feea15594c.js?body=1" for ::1 at 2016-04-28 15:10:18 +0200


Started GET "/assets/twitter/bootstrap/tab.self-7e3ee4a243bb416b5f0111a0be08f8547c5d72ba71fe4afe4a4a007f5cb4e10e.js?body=1" for ::1 at 2016-04-28 15:10:18 +0200


Started GET "/assets/twitter/bootstrap/tooltip.self-d7f9330825307d053f68da11bb9ddc9b070df72deef3d115f2f3d55f66b17457.js?body=1" for ::1 at 2016-04-28 15:10:18 +0200


Started GET "/assets/twitter/bootstrap/popover.self-cd672ecad3b549e1dbd89bfd044e5812d6fdade56f42d48e3acee0c3f4614526.js?body=1" for ::1 at 2016-04-28 15:10:18 +0200


Started GET "/assets/twitter/bootstrap/button.self-ceb562de883e04359bb2c06f07bdf6ecf065cc8a5027e2e58857c5e91b0b68e3.js?body=1" for ::1 at 2016-04-28 15:10:18 +0200


Started GET "/assets/twitter/bootstrap/collapse.self-a87553101c955a01e2e8c81fad69a16582ddbf58fe95d5eb335dde5567af7647.js?body=1" for ::1 at 2016-04-28 15:10:18 +0200


Started GET "/assets/twitter/bootstrap/carousel.self-5d09995e01b647168888180d40e271f9a6759d68ae7ac029d7026af58813d376.js?body=1" for ::1 at 2016-04-28 15:10:18 +0200


Started GET "/assets/twitter/bootstrap/affix.self-14e04bbe71282aa039322ab93e3a3a886ddede5f59a2f365f7c861f697bbeb21.js?body=1" for ::1 at 2016-04-28 15:10:18 +0200


Started GET "/assets/twitter/bootstrap.self-fbfa5ad7d9aa0afe439ec4ff3883acc4cb92b62cb67c40d674320c9aa1d4642d.js?body=1" for ::1 at 2016-04-28 15:10:18 +0200


Started GET "/assets/init.self-2e0a62b7558b41148e3efe2c7ed835adee37e4727ddbcbbd1a40df7451a403fe.js?body=1" for ::1 at 2016-04-28 15:10:18 +0200


Started GET "/assets/bootstrap.self-5afe7e91ef3675e2be97b8d060a7f3755d6dbc615b76df476df55143da70679f.js?body=1" for ::1 at 2016-04-28 15:10:18 +0200


Started GET "/assets/pokedex.self-a5282a6dcdc4e3739cd62b3d9dcab009243b549e93a19ca0f5d2b231436c5d25.js?body=1" for ::1 at 2016-04-28 15:10:18 +0200


Started GET "/assets/pokemon.self-5aad4d608ab0d5b536a9e770385d3e87467af6527439e54d56031d79636eced6.js?body=1" for ::1 at 2016-04-28 15:10:18 +0200


Started GET "/assets/application.self-f8806224e027f3e3f0138ea9ce99319e298dfdb323304d1f1be6eae8e8c74724.js?body=1" for ::1 at 2016-04-28 15:10:18 +0200


Started GET "/api/v1/pokemon/19/" for ::1 at 2016-04-28 15:10:20 +0200
Processing by PokemonApiController#forward as */*
  Parameters: {"uri"=>"pokemon/19"}
Completed 200 OK in 569ms (Views: 0.2ms | ActiveRecord: 0.0ms)


Started GET "/api/v1/pokemon/12/" for ::1 at 2016-04-28 15:10:25 +0200
Processing by PokemonApiController#forward as */*
  Parameters: {"uri"=>"pokemon/12"}
Completed 200 OK in 558ms (Views: 0.1ms | ActiveRecord: 0.0ms)
